<?xml version="1.0" encoding="UTF-8"?>
<!-- Generated by org.testng.reporters.JUnitReportReporter -->
<testsuite hostname="LAPTOP-TP226488" failures="0" tests="1" name="testRunner.TestNGRunner" time="8.426" errors="0" timestamp="2024-09-03T00:41:21 IST" skipped="0">
  <testcase classname="testRunner.TestNGRunner" name="runScenario" time="8.426"/>
</testsuite> <!-- testRunner.TestNGRunner -->
