<?xml version="1.0" encoding="UTF-8"?>
<!-- Generated by org.testng.reporters.JUnitReportReporter -->
<testsuite hostname="LAPTOP-TP226488" failures="0" tests="1" name="testRunner.TestNGRunner" time="10.495" errors="0" timestamp="2024-08-27T00:53:57 IST" skipped="0">
  <testcase classname="testRunner.TestNGRunner" name="runScenario" time="10.495"/>
</testsuite> <!-- testRunner.TestNGRunner -->
