<?xml version="1.0" encoding="UTF-8"?>
<!-- Generated by org.testng.reporters.JUnitReportReporter -->
<testsuite hostname="LAPTOP-TP226488" failures="0" tests="1" name="testRunner.TestNGRunner" time="7.567" errors="0" timestamp="2024-08-22T01:13:32 IST" skipped="0">
  <testcase classname="testRunner.TestNGRunner" name="runScenario" time="7.567"/>
</testsuite> <!-- testRunner.TestNGRunner -->
